<?xml version="1.0" encoding="UTF-8"?>
<!-- Generated by org.testng.reporters.JUnitReportReporter -->
<testsuite hostname="MRUNAL" failures="0" tests="3" name="Day1.TestNgFirstB" time="0.021" errors="0" timestamp="2025-03-30T11:07:40 IST" skipped="0">
  <testcase classname="Day1.TestNgFirstB" name="open" time="0.016"/>
  <testcase classname="Day1.TestNgFirstB" name="login" time="0.003"/>
  <testcase classname="Day1.TestNgFirstB" name="logout" time="0.002"/>
</testsuite> <!-- Day1.TestNgFirstB -->
