<?xml version="1.0" encoding="UTF-8"?>
<!-- Generated by org.testng.reporters.JUnitReportReporter -->
<testsuite hostname="MRUNAL" failures="0" tests="1" name="Day1.TestNGSimpleA" time="0.002" errors="0" timestamp="2025-03-30T11:07:40 IST" skipped="0">
  <testcase classname="Day1.TestNGSimpleA" name="testA" time="0.002"/>
</testsuite> <!-- Day1.TestNGSimpleA -->
