<?xml version="1.0" encoding="UTF-8"?>
<!-- Generated by org.testng.reporters.JUnitReportReporter -->
<testsuite hostname="MRUNAL" failures="0" tests="3" name="Day1.TestWebBrouserC.TestWebeBrouseAA" time="13.915" errors="0" timestamp="2025-03-30T11:05:11 IST" skipped="0">
  <testcase classname="Day1.TestWebBrouserC.TestWebeBrouseAA" name="open" time="7.429"/>
  <testcase classname="Day1.TestWebBrouserC.TestWebeBrouseAA" name="logo" time="3.093"/>
  <testcase classname="Day1.TestWebBrouserC.TestWebeBrouseAA" name="login" time="3.393"/>
</testsuite> <!-- Day1.TestWebBrouserC.TestWebeBrouseAA -->
